<?xml version="1.0" encoding="UTF-8"?>
<testng-results ignored="0" total="1" passed="1" failed="0" skipped="0">
  <reporter-output>
  </reporter-output>
  <suite started-at="2025-11-24T17:44:15 IST" name="Default suite" finished-at="2025-11-24T17:44:15 IST" duration-ms="98">
    <groups>
    </groups>
    <test started-at="2025-11-24T17:44:15 IST" name="Default test" finished-at="2025-11-24T17:44:15 IST" duration-ms="98">
      <class name="gitPractice.DemoA10">
        <test-method signature="m1()[pri:0, instance:gitPractice.DemoA10@799f10e1]" started-at="2025-11-24T17:44:15 IST" name="m1" finished-at="2025-11-24T17:44:15 IST" duration-ms="18" status="PASS">
          <reporter-output>
          </reporter-output>
        </test-method> <!-- m1 -->
      </class> <!-- gitPractice.DemoA10 -->
    </test> <!-- Default test -->
  </suite> <!-- Default suite -->
</testng-results>
